<?xml version="1.0" encoding="UTF-8"?>
<testsuite xmlns:xsi="http://www.w3.org/2001/XMLSchema-instance" xsi:noNamespaceSchemaLocation="https://maven.apache.org/surefire/maven-surefire-plugin/xsd/surefire-test-report-3.0.xsd" version="3.0" name="com.spectrum.HrmsProjectApplicationTests" time="18.11" tests="1" errors="0" skipped="0" failures="0">
  <properties>
[...]
</properties>
  <testcase name="contextLoads" classname="com.spectrum.HrmsProjectApplicationTests" time="0.552">
    <system-out><![CDATA[Standard Commons Logging discovery in action with spring-jcl: please remove commons-logging.jar from classpath in order to avoid potential conflicts
16:59:07.501 [main] INFO org.springframework.test.context.support.AnnotationConfigContextLoaderUtils -- Could not detect default configuration classes for test class [com.spectrum.HrmsProjectApplicationTests]: HrmsProjectApplicationTests does not declare any static, non-private, non-final, nested classes annotated with @Configuration.
16:59:07.721 [main] INFO org.springframework.boot.test.context.SpringBootTestContextBootstrapper -- Found @SpringBootConfiguration com.spectrum.HrmsProjectApplication for test class com.spectrum.HrmsProjectApplicationTests

  .   ____          _            __ _ _
 /\\ / ___'_ __ _ _(_)_ __  __ _ \ \ \ \
( ( )\___ | '_ | '_| | '_ \/ _` | \ \ \ \
 \\/  ___)| |_)| | | | | || (_| |  ) ) ) )
  '  |____| .__|_| |_|_| |_\__, | / / / /
 =========|_|==============|___/=/_/_/_/
 :: Spring Boot ::                (v3.1.6)

2025-04-22T16:59:08.565+05:30  WARN 2568 --- [           main] ory$DuplicateJsonObjectContextCustomizer : 

Found multiple occurrences of org.json.JSONObject on the class path:

	jar:file:/C:/Users/spectrum/.m2/repository/com/vaadin/external/google/android-json/0.0.20131108.vaadin1/android-json-0.0.20131108.vaadin1.jar!/org/json/JSONObject.class
	jar:file:/C:/Users/spectrum/.m2/repository/org/json/json/20180130/json-20180130.jar!/org/json/JSONObject.class

You may wish to exclude one of them to ensure predictable runtime behavior

2025-04-22T16:59:08.595+05:30  INFO 2568 --- [           main] c.spectrum.HrmsProjectApplicationTests   : Starting HrmsProjectApplicationTests using Java 22.0.1 with PID 2568 (started by spectrum in C:\Users\spectrum\Desktop\Tride Encryption\Main\Spectrum-HRMS-BE (2)(03-01-2024)\Spectrum-HRMS-BE (3)(06-12-2024)\Spectrum-HRMS-BE)
2025-04-22T16:59:08.596+05:30  INFO 2568 --- [           main] c.spectrum.HrmsProjectApplicationTests   : No active profile set, falling back to 1 default profile: "default"
2025-04-22T16:59:12.645+05:30  INFO 2568 --- [           main] .s.d.r.c.RepositoryConfigurationDelegate : Bootstrapping Spring Data JPA repositories in DEFAULT mode.
2025-04-22T16:59:13.128+05:30  INFO 2568 --- [           main] .s.d.r.c.RepositoryConfigurationDelegate : Finished Spring Data repository scanning in 471 ms. Found 84 JPA repository interfaces.
2025-04-22T16:59:14.001+05:30  INFO 2568 --- [           main] com.zaxxer.hikari.HikariDataSource       : HikariPool-1 - Starting...
2025-04-22T16:59:14.747+05:30  INFO 2568 --- [           main] com.zaxxer.hikari.pool.HikariPool        : HikariPool-1 - Added connection com.mysql.cj.jdbc.ConnectionImpl@179ee36b
2025-04-22T16:59:14.749+05:30  INFO 2568 --- [           main] com.zaxxer.hikari.HikariDataSource       : HikariPool-1 - Start completed.
2025-04-22T16:59:15.096+05:30  INFO 2568 --- [           main] o.hibernate.jpa.internal.util.LogHelper  : HHH000204: Processing PersistenceUnitInfo [name: default]
2025-04-22T16:59:15.265+05:30  INFO 2568 --- [           main] org.hibernate.Version                    : HHH000412: Hibernate ORM core version 6.2.13.Final
2025-04-22T16:59:15.267+05:30  INFO 2568 --- [           main] org.hibernate.cfg.Environment            : HHH000406: Using bytecode reflection optimizer
2025-04-22T16:59:15.685+05:30  INFO 2568 --- [           main] o.s.o.j.p.SpringPersistenceUnitInfo      : No LoadTimeWeaver setup: ignoring JPA class transformer
2025-04-22T16:59:15.868+05:30  WARN 2568 --- [           main] org.hibernate.orm.deprecation            : HHH90000025: MySQLDialect does not need to be specified explicitly using 'hibernate.dialect' (remove the property setting and it will be selected by default)
2025-04-22T16:59:18.355+05:30  INFO 2568 --- [           main] o.h.e.t.j.p.i.JtaPlatformInitiator       : HHH000489: No JTA platform available (set 'hibernate.transaction.jta.platform' to enable JTA platform integration)
Hibernate: alter table master add constraint FKo1elxed1jgly92dyiej0whn00 foreign key (account_master_id) references account_master (account_id)
2025-04-22T16:59:19.363+05:30  INFO 2568 --- [           main] j.LocalContainerEntityManagerFactoryBean : Initialized JPA EntityManagerFactory for persistence unit 'default'
2025-04-22T16:59:20.070+05:30  INFO 2568 --- [           main] o.s.d.j.r.query.QueryEnhancerFactory     : Hibernate is in classpath; If applicable, HQL parser will be used.
2025-04-22T16:59:23.844+05:30  WARN 2568 --- [           main] JpaBaseConfiguration$JpaWebConfiguration : spring.jpa.open-in-view is enabled by default. Therefore, database queries may be performed during view rendering. Explicitly configure spring.jpa.open-in-view to disable this warning
2025-04-22T16:59:23.955+05:30  INFO 2568 --- [           main] o.s.s.web.DefaultSecurityFilterChain     : Will secure any request with [org.springframework.security.web.session.DisableEncodeUrlFilter@5f9f94ec, org.springframework.security.web.context.request.async.WebAsyncManagerIntegrationFilter@17d17822, org.springframework.security.web.context.SecurityContextHolderFilter@62f7e5f9, org.springframework.security.web.header.HeaderWriterFilter@246380e5, org.springframework.web.filter.CorsFilter@707f6ab1, org.springframework.security.web.authentication.logout.LogoutFilter@3a09f2f5, com.spectrum.login.config.JwtAuthenticationFilter@34443bb1, org.springframework.security.web.savedrequest.RequestCacheAwareFilter@2392ebbb, org.springframework.security.web.servletapi.SecurityContextHolderAwareRequestFilter@51623da1, org.springframework.security.web.authentication.AnonymousAuthenticationFilter@6e7c539d, org.springframework.security.web.session.SessionManagementFilter@5ac87594, org.springframework.security.web.access.ExceptionTranslationFilter@3a1ed926, org.springframework.security.web.access.intercept.AuthorizationFilter@80801dc]
heyy your application run properly
2025-04-22T16:59:24.737+05:30  INFO 2568 --- [           main] c.spectrum.HrmsProjectApplicationTests   : Started HrmsProjectApplicationTests in 16.769 seconds (process running for 18.195)
2025-04-22T16:59:24.742+05:30  INFO 2568 --- [           main] o.s.b.a.b.JobLauncherApplicationRunner   : Running default command line with: []
]]></system-out>
    <system-err><![CDATA[WARNING: A Java agent has been loaded dynamically (C:\Users\spectrum\.m2\repository\net\bytebuddy\byte-buddy-agent\1.14.10\byte-buddy-agent-1.14.10.jar)
WARNING: If a serviceability tool is in use, please run with -XX:+EnableDynamicAgentLoading to hide this warning
WARNING: If a serviceability tool is not in use, please run with -Djdk.instrument.traceUsage for more information
WARNING: Dynamic loading of agents will be disallowed by default in a future release
]]></system-err>
  </testcase>
</testsuite>